<?xml version="1.0" encoding="UTF-8"?>
<!-- Generated by org.testng.reporters.JUnitReportReporter -->
<testsuite hostname="DESKTOP-LHF9I2S" failures="0" tests="1" name="TestCases.TC001_accoountRegister" time="2.806" errors="0" timestamp="2025-01-09T13:14:52 IST" skipped="0">
  <testcase classname="TestCases.TC001_accoountRegister" name="verify_account_registration" time="2.806"/>
</testsuite> <!-- TestCases.TC001_accoountRegister -->
